FlashPro
Version: 9.1.3.4
Release: v9.1 SP3

Software Version: 9.1.3.4
Driver : 3.0.0 build 1
programmer '08756' : FlashPro3
Created new project
'C:\FVTX_VHDL_code\ROC_FVTX\ROC_main_FPGA_B_D\designer\impl1\ROC_top_fp_1\ROC_top.pro'
PDB file 'C:\FVTX_VHDL_code\ROC_FVTX\ROC_main_FPGA_B_D\designer\impl1\ROC_top.pdb' has been
loaded successfully.
DESIGN : ROC_top;  CHECKSUM : AED6;  PDB_VERSION : 1.6
programmer '08756' : Scan Chain...
Warning: programmer '08756' : Vpump has been selected on programmer AND an externally provided
         Vpump has also been detected. Using externally provided Vpump voltage source.
programmer '08756' : Scan Chain PASSED.
programmer '08756' : Executing action PROGRAM
programmer '08756' : EXPORT FSN[48] = 01091d501468
programmer '08756' : Erase ...
programmer '08756' : Completed erase
programmer '08756' : Programming FPGA Array
programmer '08756' : Verifying FPGA Array
programmer '08756' :         Verifying FPGA Array -- pass
programmer '08756' : Finished: Fri Jun 15 12:10:41 2012 (Elapsed time 00:04:13)
programmer '08756' : Executing action PROGRAM PASSED.

                        o - o - o - o - o - o

Warning: Project 'ROC_top' has been modified. Do you want to save it? [NO]
